<?xml version="1.0" encoding="UTF-8"?>
<testsuite xmlns:xsi="http://www.w3.org/2001/XMLSchema-instance" xsi:noNamespaceSchemaLocation="https://maven.apache.org/surefire/maven-surefire-plugin/xsd/surefire-test-report-3.0.xsd" version="3.0" name="TestSuite" time="56.27" tests="1" errors="0" skipped="0" failures="0">
  <properties>
[...]
</properties>
  <testcase name="homepage[ipad, Highest price, 5](1)" classname="EbaySearch" time="41.932">
    <system-out><![CDATA[





















































































































THIS WILL SORT & PRINT TOP 5 RESULT ON PAGE AS PER GIVEN CONDITION
---------------/ RESULTS /------------
PRODUCT :- 1
Apple iPad Pro 12.9-inch 5th Gen. 256GB, Wi-Fi, Space Gray
879.0
PRODUCT :- 2
NEW LISTINGApple iPad Pro 3rd Gen 128GB, Wi-Fi, 11 in - Space Gray
725.0
PRODUCT :- 3
NEW - Apple iPad Air 4th Generation 64GB / 256GB - Wi-Fi 10.9 Inch - All Colors
664.99
PRODUCT :- 4
Apple iPad Air 5th Gen. 10.9 in, 64GB, Wi-Fi A2588 - Blue
529.0
PRODUCT :- 5
Apple iPad Pro 3rd Gen. 256GB, Wi-Fi + 4G (Unlocked), 12.9 in - Grade C
429.99
---------------/ END /------------



























































PRINTS TOP 5 RESULT AFTER SORTING APPIED ON PAGE
---------------/ RESULTS /------------
PRODUCT :- 1
Apple iPad mini 2 7.9'' Tablet 16GB Wi-Fi - Space Gray
25000.0
PRODUCT :- 2
Fortnite Installed Apple iPad Pro 4th Gen. 128GB, Wi-Fi, 12.9 in
4500.0
PRODUCT :- 3
60 Apple iPad 4th Gen. (A1458 Wi-Fi) 16GB, Wi-Fi, 9.7in - Black (CA) 
3890.0
PRODUCT :- 4
Apple 12.9-Inch Ipad Pro 5th Gen Wi‑Fi 2TB M1 Chip Retina XDR Space Gray - NEW
2609.79
PRODUCT :- 5
SEALED iPad Pro 12.9" latest release 2018 wifi + cellular unlocked 1 YEAR WTY
1799.0
---------------/ END /------------
]]></system-out>
    <system-err><![CDATA[SLF4J: Failed to load class "org.slf4j.impl.StaticLoggerBinder".
SLF4J: Defaulting to no-operation (NOP) logger implementation
SLF4J: See http://www.slf4j.org/codes.html#StaticLoggerBinder for further details.
Starting ChromeDriver 105.0.5195.52 (412c95e518836d8a7d97250d62b29c2ae6a26a85-refs/branch-heads/5195@{#853}) on port 28983
Only local connections are allowed.
Please see https://chromedriver.chromium.org/security-considerations for suggestions on keeping ChromeDriver safe.
ChromeDriver was started successfully.
Sep 29, 2022 2:12:10 PM org.openqa.selenium.remote.ProtocolHandshake createSession
INFO: Detected dialect: W3C
]]></system-err>
  </testcase>
</testsuite>